# JRE version: Java(TM) SE Runtime Environment (8.0_60-b27) (build 1.8.0_60-b27)
# Java VM: Java HotSpot(TM) 64-Bit Server VM (25.60-b23 mixed mode windows-amd64 compressed oops)
Heap:
 PSYoungGen      total 197632K, used 17609K [0x00000000eab00000, 0x00000000f7e00000, 0x0000000100000000)
  eden space 179712K, 0% used [0x00000000eab00000,0x00000000eab00000,0x00000000f5a80000)
  from space 17920K, 98% used [0x00000000f5a80000,0x00000000f6bb2538,0x00000000f6c00000)
  to   space 17408K, 0% used [0x00000000f6c00000,0x00000000f6c00000,0x00000000f7d00000)
 ParOldGen       total 54272K, used 39992K [0x00000000c0000000, 0x00000000c3500000, 0x00000000eab00000)
  object space 54272K, 73% used [0x00000000c0000000,0x00000000c270e2c8,0x00000000c3500000)
 Metaspace       used 7662K, capacity 8190K, committed 8448K, reserved 1056768K
  class space    used 719K, capacity 753K, committed 768K, reserved 1048576K
GC Heap History (10 events):
Event: 24.666 GC heap before
{Heap before GC invocations=12 (full 1):
 PSYoungGen      total 130048K, used 129905K [0x00000000eab00000, 0x00000000f5600000, 0x0000000100000000)
  eden space 118784K, 99% used [0x00000000eab00000,0x00000000f1efd648,0x00000000f1f00000)
  from space 11264K, 98% used [0x00000000f4b00000,0x00000000f55df090,0x00000000f5600000)
  to   space 13312K, 0% used [0x00000000f3c00000,0x00000000f3c00000,0x00000000f4900000)
 ParOldGen       total 54272K, used 27504K [0x00000000c0000000, 0x00000000c3500000, 0x00000000eab00000)
  object space 54272K, 50% used [0x00000000c0000000,0x00000000c1adc0f0,0x00000000c3500000)
 Metaspace       used 7652K, capacity 8190K, committed 8448K, reserved 1056768K
  class space    used 719K, capacity 753K, committed 768K, reserved 1048576K
Event: 24.680 GC heap after
Heap after GC invocations=12 (full 1):
 PSYoungGen      total 158720K, used 13145K [0x00000000eab00000, 0x00000000f5600000, 0x0000000100000000)
  eden space 145408K, 0% used [0x00000000eab00000,0x00000000eab00000,0x00000000f3900000)
  from space 13312K, 98% used [0x00000000f3c00000,0x00000000f48d6460,0x00000000f4900000)
  to   space 13312K, 0% used [0x00000000f4900000,0x00000000f4900000,0x00000000f5600000)
 ParOldGen       total 54272K, used 27504K [0x00000000c0000000, 0x00000000c3500000, 0x00000000eab00000)
  object space 54272K, 50% used [0x00000000c0000000,0x00000000c1adc0f0,0x00000000c3500000)
 Metaspace       used 7652K, capacity 8190K, committed 8448K, reserved 1056768K
  class space    used 719K, capacity 753K, committed 768K, reserved 1048576K
}
Event: 27.238 GC heap before
{Heap before GC invocations=13 (full 1):
 PSYoungGen      total 158720K, used 158553K [0x00000000eab00000, 0x00000000f5600000, 0x0000000100000000)
  eden space 145408K, 100% used [0x00000000eab00000,0x00000000f3900000,0x00000000f3900000)
  from space 13312K, 98% used [0x00000000f3c00000,0x00000000f48d6460,0x00000000f4900000)
  to   space 13312K, 0% used [0x00000000f4900000,0x00000000f4900000,0x00000000f5600000)
 ParOldGen       total 54272K, used 27504K [0x00000000c0000000, 0x00000000c3500000, 0x00000000eab00000)
  object space 54272K, 50% used [0x00000000c0000000,0x00000000c1adc0f0,0x00000000c3500000)
 Metaspace       used 7655K, capacity 8190K, committed 8448K, reserved 1056768K
  class space    used 719K, capacity 753K, committed 768K, reserved 1048576K
Event: 27.262 GC heap after
Heap after GC invocations=13 (full 1):
 PSYoungGen      total 159232K, used 12935K [0x00000000eab00000, 0x00000000f7580000, 0x0000000100000000)
  eden space 145920K, 0% used [0x00000000eab00000,0x00000000eab00000,0x00000000f3980000)
  from space 13312K, 97% used [0x00000000f4900000,0x00000000f55a1d38,0x00000000f5600000)
  to   space 15872K, 0% used [0x00000000f3980000,0x00000000f3980000,0x00000000f4900000)
 ParOldGen       total 54272K, used 30240K [0x00000000c0000000, 0x00000000c3500000, 0x00000000eab00000)
  object space 54272K, 55% used [0x00000000c0000000,0x00000000c1d880e0,0x00000000c3500000)
 Metaspace       used 7655K, capacity 8190K, committed 8448K, reserved 1056768K
  class space    used 719K, capacity 753K, committed 768K, reserved 1048576K
}
Event: 28.919 GC heap before
{Heap before GC invocations=14 (full 1):
 PSYoungGen      total 159232K, used 158855K [0x00000000eab00000, 0x00000000f7580000, 0x0000000100000000)
  eden space 145920K, 100% used [0x00000000eab00000,0x00000000f3980000,0x00000000f3980000)
  from space 13312K, 97% used [0x00000000f4900000,0x00000000f55a1d38,0x00000000f5600000)
  to   space 15872K, 0% used [0x00000000f3980000,0x00000000f3980000,0x00000000f4900000)
 ParOldGen       total 54272K, used 30240K [0x00000000c0000000, 0x00000000c3500000, 0x00000000eab00000)
  object space 54272K, 55% used [0x00000000c0000000,0x00000000c1d880e0,0x00000000c3500000)
 Metaspace       used 7656K, capacity 8190K, committed 8448K, reserved 1056768K
  class space    used 719K, capacity 753K, committed 768K, reserved 1048576K
Event: 28.966 GC heap after
Heap after GC invocations=14 (full 1):
 PSYoungGen      total 161792K, used 13867K [0x00000000eab00000, 0x00000000f7d00000, 0x0000000100000000)
  eden space 145920K, 0% used [0x00000000eab00000,0x00000000eab00000,0x00000000f3980000)
  from space 15872K, 87% used [0x00000000f3980000,0x00000000f470af18,0x00000000f4900000)
  to   space 17408K, 0% used [0x00000000f6c00000,0x00000000f6c00000,0x00000000f7d00000)
 ParOldGen       total 54272K, used 40089K [0x00000000c0000000, 0x00000000c3500000, 0x00000000eab00000)
  object space 54272K, 73% used [0x00000000c0000000,0x00000000c27264a0,0x00000000c3500000)
 Metaspace       used 7656K, capacity 8190K, committed 8448K, reserved 1056768K
  class space    used 719K, capacity 753K, committed 768K, reserved 1048576K
}
Event: 30.426 GC heap before
{Heap before GC invocations=15 (full 1):
 PSYoungGen      total 161792K, used 157000K [0x00000000eab00000, 0x00000000f7d00000, 0x0000000100000000)
  eden space 145920K, 98% used [0x00000000eab00000,0x00000000f36c74c8,0x00000000f3980000)
  from space 15872K, 87% used [0x00000000f3980000,0x00000000f470af18,0x00000000f4900000)
  to   space 17408K, 0% used [0x00000000f6c00000,0x00000000f6c00000,0x00000000f7d00000)
 ParOldGen       total 54272K, used 40089K [0x00000000c0000000, 0x00000000c3500000, 0x00000000eab00000)
  object space 54272K, 73% used [0x00000000c0000000,0x00000000c27264a0,0x00000000c3500000)
 Metaspace       used 7661K, capacity 8190K, committed 8448K, reserved 1056768K
  class space    used 719K, capacity 753K, committed 768K, reserved 1048576K
Event: 31.453 GC heap after
Heap after GC invocations=15 (full 1):
 PSYoungGen      total 197120K, used 12608K [0x00000000eab00000, 0x00000000f7e00000, 0x0000000100000000)
  eden space 179712K, 0% used [0x00000000eab00000,0x00000000eab00000,0x00000000f5a80000)
  from space 17408K, 72% used [0x00000000f6c00000,0x00000000f78502c0,0x00000000f7d00000)
  to   space 17920K, 0% used [0x00000000f5a80000,0x00000000f5a80000,0x00000000f6c00000)
 ParOldGen       total 54272K, used 46172K [0x00000000c0000000, 0x00000000c3500000, 0x00000000eab00000)
  object space 54272K, 85% used [0x00000000c0000000,0x00000000c2d17068,0x00000000c3500000)
 Metaspace       used 7661K, capacity 8190K, committed 8448K, reserved 1056768K
  class space    used 719K, capacity 753K, committed 768K, reserved 1048576K
}
Event: 31.453 GC heap before
{Heap before GC invocations=16 (full 2):
 PSYoungGen      total 197120K, used 12608K [0x00000000eab00000, 0x00000000f7e00000, 0x0000000100000000)
  eden space 179712K, 0% used [0x00000000eab00000,0x00000000eab00000,0x00000000f5a80000)
  from space 17408K, 72% used [0x00000000f6c00000,0x00000000f78502c0,0x00000000f7d00000)
  to   space 17920K, 0% used [0x00000000f5a80000,0x00000000f5a80000,0x00000000f6c00000)
 ParOldGen       total 54272K, used 46172K [0x00000000c0000000, 0x00000000c3500000, 0x00000000eab00000)
  object space 54272K, 85% used [0x00000000c0000000,0x00000000c2d17068,0x00000000c3500000)
 Metaspace       used 7661K, capacity 8190K, committed 8448K, reserved 1056768K
  class space    used 719K, capacity 753K, committed 768K, reserved 1048576K
Event: 35.635 GC heap after
Heap after GC invocations=16 (full 2):
 PSYoungGen      total 197120K, used 0K [0x00000000eab00000, 0x00000000f7e00000, 0x0000000100000000)
  eden space 179712K, 0% used [0x00000000eab00000,0x00000000eab00000,0x00000000f5a80000)
  from space 17408K, 0% used [0x00000000f6c00000,0x00000000f6c00000,0x00000000f7d00000)
  to   space 17920K, 0% used [0x00000000f5a80000,0x00000000f5a80000,0x00000000f6c00000)
 ParOldGen       total 54272K, used 32501K [0x00000000c0000000, 0x00000000c3500000, 0x00000000eab00000)
  object space 54272K, 59% used [0x00000000c0000000,0x00000000c1fbd7b8,0x00000000c3500000)
 Metaspace       used 7661K, capacity 8190K, committed 8448K, reserved 1056768K
  class space    used 719K, capacity 753K, committed 768K, reserved 1048576K
}

